This is pdfTeX, Version 3.141592653-2.6-1.40.25 (MiKTeX 24.1) (preloaded format=pdflatex 2024.3.6)  8 SEP 2024 16:37
entering extended mode
 restricted \write18 enabled.
 file:line:error style messages enabled.
 %&-line parsing enabled.
**"c:/Users/Melani Forsythe/Desktop/Swiss/Analisis_Swiss/Informe/Swiss_description.tex"
(c:/Users/Melani Forsythe/Desktop/Swiss/Analisis_Swiss/Informe/Swiss_description.tex
LaTeX2e <2023-11-01> patch level 1
L3 programming layer <2024-01-04>
(C:\Users\Melani Forsythe\AppData\Local\Programs\MiKTeX\tex/latex/base\article.cls
Document Class: article 2023/05/17 v1.4n Standard LaTeX document class
(C:\Users\Melani Forsythe\AppData\Local\Programs\MiKTeX\tex/latex/base\size10.clo
File: size10.clo 2023/05/17 v1.4n Standard LaTeX file (size option)
)
\c@part=\count187
\c@section=\count188
\c@subsection=\count189
\c@subsubsection=\count190
\c@paragraph=\count191
\c@subparagraph=\count192
\c@figure=\count193
\c@table=\count194
\abovecaptionskip=\skip48
\belowcaptionskip=\skip49
\bibindent=\dimen140
) (C:\Users\Melani Forsythe\AppData\Local\Programs\MiKTeX\tex/latex/base\inputenc.sty
Package: inputenc 2021/02/14 v1.3d Input encoding file
\inpenc@prehook=\toks17
\inpenc@posthook=\toks18
) (C:\Users\Melani Forsythe\AppData\Local\Programs\MiKTeX\tex/latex/amsmath\amsmath.sty
Package: amsmath 2023/05/13 v2.17o AMS math features
\@mathmargin=\skip50

For additional information on amsmath, use the `?' option.
(C:\Users\Melani Forsythe\AppData\Local\Programs\MiKTeX\tex/latex/amsmath\amstext.sty
Package: amstext 2021/08/26 v2.01 AMS text
 (C:\Users\Melani Forsythe\AppData\Local\Programs\MiKTeX\tex/latex/amsmath\amsgen.sty
File: amsgen.sty 1999/11/30 v2.0 generic functions
\@emptytoks=\toks19
\ex@=\dimen141
)) (C:\Users\Melani Forsythe\AppData\Local\Programs\MiKTeX\tex/latex/amsmath\amsbsy.sty
Package: amsbsy 1999/11/29 v1.2d Bold Symbols
\pmbraise@=\dimen142
) (C:\Users\Melani Forsythe\AppData\Local\Programs\MiKTeX\tex/latex/amsmath\amsopn.sty
Package: amsopn 2022/04/08 v2.04 operator names
)
\inf@bad=\count195
LaTeX Info: Redefining \frac on input line 234.
\uproot@=\count196
\leftroot@=\count197
LaTeX Info: Redefining \overline on input line 399.
LaTeX Info: Redefining \colon on input line 410.
\classnum@=\count198
\DOTSCASE@=\count199
LaTeX Info: Redefining \ldots on input line 496.
LaTeX Info: Redefining \dots on input line 499.
LaTeX Info: Redefining \cdots on input line 620.
\Mathstrutbox@=\box51
\strutbox@=\box52
LaTeX Info: Redefining \big on input line 722.
LaTeX Info: Redefining \Big on input line 723.
LaTeX Info: Redefining \bigg on input line 724.
LaTeX Info: Redefining \Bigg on input line 725.
\big@size=\dimen143
LaTeX Font Info:    Redeclaring font encoding OML on input line 743.
LaTeX Font Info:    Redeclaring font encoding OMS on input line 744.
\macc@depth=\count266
LaTeX Info: Redefining \bmod on input line 905.
LaTeX Info: Redefining \pmod on input line 910.
LaTeX Info: Redefining \smash on input line 940.
LaTeX Info: Redefining \relbar on input line 970.
LaTeX Info: Redefining \Relbar on input line 971.
\c@MaxMatrixCols=\count267
\dotsspace@=\muskip16
\c@parentequation=\count268
\dspbrk@lvl=\count269
\tag@help=\toks20
\row@=\count270
\column@=\count271
\maxfields@=\count272
\andhelp@=\toks21
\eqnshift@=\dimen144
\alignsep@=\dimen145
\tagshift@=\dimen146
\tagwidth@=\dimen147
\totwidth@=\dimen148
\lineht@=\dimen149
\@envbody=\toks22
\multlinegap=\skip51
\multlinetaggap=\skip52
\mathdisplay@stack=\toks23
LaTeX Info: Redefining \[ on input line 2953.
LaTeX Info: Redefining \] on input line 2954.
) (C:\Users\Melani Forsythe\AppData\Local\Programs\MiKTeX\tex/latex/graphics\graphicx.sty
Package: graphicx 2021/09/16 v1.2d Enhanced LaTeX Graphics (DPC,SPQR)
 (C:\Users\Melani Forsythe\AppData\Local\Programs\MiKTeX\tex/latex/graphics\keyval.sty
Package: keyval 2022/05/29 v1.15 key=value parser (DPC)
\KV@toks@=\toks24
) (C:\Users\Melani Forsythe\AppData\Local\Programs\MiKTeX\tex/latex/graphics\graphics.sty
Package: graphics 2022/03/10 v1.4e Standard LaTeX Graphics (DPC,SPQR)
 (C:\Users\Melani Forsythe\AppData\Local\Programs\MiKTeX\tex/latex/graphics\trig.sty
Package: trig 2021/08/11 v1.11 sin cos tan (DPC)
) (C:\Users\Melani Forsythe\AppData\Local\Programs\MiKTeX\tex/latex/graphics-cfg\graphics.cfg
File: graphics.cfg 2016/06/04 v1.11 sample graphics configuration
)
Package graphics Info: Driver file: pdftex.def on input line 107.
 (C:\Users\Melani Forsythe\AppData\Local\Programs\MiKTeX\tex/latex/graphics-def\pdftex.def
File: pdftex.def 2022/09/22 v1.2b Graphics/color driver for pdftex
))
\Gin@req@height=\dimen150
\Gin@req@width=\dimen151
) (C:\Users\Melani Forsythe\AppData\Local\Programs\MiKTeX\tex/latex/booktabs\booktabs.sty
Package: booktabs 2020/01/12 v1.61803398 Publication quality tables
\heavyrulewidth=\dimen152
\lightrulewidth=\dimen153
\cmidrulewidth=\dimen154
\belowrulesep=\dimen155
\belowbottomsep=\dimen156
\aboverulesep=\dimen157
\abovetopsep=\dimen158
\cmidrulesep=\dimen159
\cmidrulekern=\dimen160
\defaultaddspace=\dimen161
\@cmidla=\count273
\@cmidlb=\count274
\@aboverulesep=\dimen162
\@belowrulesep=\dimen163
\@thisruleclass=\count275
\@lastruleclass=\count276
\@thisrulewidth=\dimen164
) (C:\Users\Melani Forsythe\AppData\Local\Programs\MiKTeX\tex/latex/caption\caption.sty
Package: caption 2023/08/05 v3.6o Customizing captions (AR)
 (C:\Users\Melani Forsythe\AppData\Local\Programs\MiKTeX\tex/latex/caption\caption3.sty
Package: caption3 2023/07/31 v2.4d caption3 kernel (AR)
\caption@tempdima=\dimen165
\captionmargin=\dimen166
\caption@leftmargin=\dimen167
\caption@rightmargin=\dimen168
\caption@width=\dimen169
\caption@indent=\dimen170
\caption@parindent=\dimen171
\caption@hangindent=\dimen172
Package caption Info: Standard document class detected.
)
\c@caption@flags=\count277
\c@continuedfloat=\count278
) (C:\Users\Melani Forsythe\AppData\Local\Programs\MiKTeX\tex/latex/adjustbox\adjustbox.sty
Package: adjustbox 2022/10/17 v1.3a Adjusting TeX boxes (trim, clip, ...)
 (C:\Users\Melani Forsythe\AppData\Local\Programs\MiKTeX\tex/latex/xkeyval\xkeyval.sty
Package: xkeyval 2022/06/16 v2.9 package option processing (HA)
 (C:\Users\Melani Forsythe\AppData\Local\Programs\MiKTeX\tex/generic/xkeyval\xkeyval.tex (C:\Users\Melani Forsythe\AppData\Local\Programs\MiKTeX\tex/generic/xkeyval\xkvutils.tex
\XKV@toks=\toks25
\XKV@tempa@toks=\toks26
)
\XKV@depth=\count279
File: xkeyval.tex 2014/12/03 v2.7a key=value parser (HA)
)) (C:\Users\Melani Forsythe\AppData\Local\Programs\MiKTeX\tex/latex/adjustbox\adjcalc.sty
Package: adjcalc 2012/05/16 v1.1 Provides advanced setlength with multiple back-ends (calc, etex, pgfmath)
) (C:\Users\Melani Forsythe\AppData\Local\Programs\MiKTeX\tex/latex/adjustbox\trimclip.sty
Package: trimclip 2020/08/19 v1.2 Trim and clip general TeX material
 (C:\Users\Melani Forsythe\AppData\Local\Programs\MiKTeX\tex/latex/collectbox\collectbox.sty
Package: collectbox 2022/10/17 v0.4c Collect macro arguments as boxes
\collectedbox=\box53
)
\tc@llx=\dimen173
\tc@lly=\dimen174
\tc@urx=\dimen175
\tc@ury=\dimen176
Package trimclip Info: Using driver 'tc-pdftex.def'.
 (C:\Users\Melani Forsythe\AppData\Local\Programs\MiKTeX\tex/latex/adjustbox\tc-pdftex.def
File: tc-pdftex.def 2019/01/04 v2.2 Clipping driver for pdftex
))
\adjbox@Width=\dimen177
\adjbox@Height=\dimen178
\adjbox@Depth=\dimen179
\adjbox@Totalheight=\dimen180
\adjbox@pwidth=\dimen181
\adjbox@pheight=\dimen182
\adjbox@pdepth=\dimen183
\adjbox@ptotalheight=\dimen184
 (C:\Users\Melani Forsythe\AppData\Local\Programs\MiKTeX\tex/latex/ifoddpage\ifoddpage.sty
Package: ifoddpage 2022/10/18 v1.2 Conditionals for odd/even page detection
\c@checkoddpage=\count280
) (C:\Users\Melani Forsythe\AppData\Local\Programs\MiKTeX\tex/latex/varwidth\varwidth.sty
Package: varwidth 2009/03/30 ver 0.92;  Variable-width minipages
\@vwid@box=\box54
\sift@deathcycles=\count281
\@vwid@loff=\dimen185
\@vwid@roff=\dimen186
)) (C:\Users\Melani Forsythe\AppData\Local\Programs\MiKTeX\tex/latex/float\float.sty
Package: float 2001/11/08 v1.3d Float enhancements (AL)
\c@float@type=\count282
\float@exts=\toks27
\float@box=\box55
\@float@everytoks=\toks28
\@floatcapt=\box56
) (C:\Users\Melani Forsythe\AppData\Local\Programs\MiKTeX\tex/latex/l3backend\l3backend-pdftex.def
File: l3backend-pdftex.def 2024-01-04 L3 backend support: PDF output (pdfTeX)
\l__color_backend_stack_int=\count283
\l__pdf_internal_box=\box57
) (Swiss_description.aux)
\openout1 = `Swiss_description.aux'.

LaTeX Font Info:    Checking defaults for OML/cmm/m/it on input line 17.
LaTeX Font Info:    ... okay on input line 17.
LaTeX Font Info:    Checking defaults for OMS/cmsy/m/n on input line 17.
LaTeX Font Info:    ... okay on input line 17.
LaTeX Font Info:    Checking defaults for OT1/cmr/m/n on input line 17.
LaTeX Font Info:    ... okay on input line 17.
LaTeX Font Info:    Checking defaults for T1/cmr/m/n on input line 17.
LaTeX Font Info:    ... okay on input line 17.
LaTeX Font Info:    Checking defaults for TS1/cmr/m/n on input line 17.
LaTeX Font Info:    ... okay on input line 17.
LaTeX Font Info:    Checking defaults for OMX/cmex/m/n on input line 17.
LaTeX Font Info:    ... okay on input line 17.
LaTeX Font Info:    Checking defaults for U/cmr/m/n on input line 17.
LaTeX Font Info:    ... okay on input line 17.
 (C:\Users\Melani Forsythe\AppData\Local\Programs\MiKTeX\tex/context/base/mkii\supp-pdf.mkii
[Loading MPS to PDF converter (version 2006.09.02).]
\scratchcounter=\count284
\scratchdimen=\dimen187
\scratchbox=\box58
\nofMPsegments=\count285
\nofMParguments=\count286
\everyMPshowfont=\toks29
\MPscratchCnt=\count287
\MPscratchDim=\dimen188
\MPnumerator=\count288
\makeMPintoPDFobject=\count289
\everyMPtoPDFconversion=\toks30
) (C:\Users\Melani Forsythe\AppData\Local\Programs\MiKTeX\tex/latex/epstopdf-pkg\epstopdf-base.sty
Package: epstopdf-base 2020-01-24 v2.11 Base part for package epstopdf
Package epstopdf-base Info: Redefining graphics rule for `.eps' on input line 485.
 (C:\Users\Melani Forsythe\AppData\Local\Programs\MiKTeX\tex/latex/00miktex\epstopdf-sys.cfg
File: epstopdf-sys.cfg 2021/03/18 v2.0 Configuration of epstopdf for MiKTeX
))
Package caption Info: Begin \AtBeginDocument code.
Package caption Info: float package is loaded.
Package caption Info: End \AtBeginDocument code.
 [1

{C:/Users/Melani Forsythe/AppData/Local/MiKTeX/fonts/map/pdftex/pdftex.map}]
<Swiss/Fertility_central.png, id=9, 433.62pt x 108.405pt>
File: Swiss/Fertility_central.png Graphic file (type png)
<use Swiss/Fertility_central.png>
Package pdftex.def Info: Swiss/Fertility_central.png  used on input line 31.
(pdftex.def)             Requested size: 172.5pt x 43.12468pt.
<Swiss/Fertility_dispersion.png, id=10, 433.62pt x 108.405pt>
File: Swiss/Fertility_dispersion.png Graphic file (type png)
<use Swiss/Fertility_dispersion.png>
Package pdftex.def Info: Swiss/Fertility_dispersion.png  used on input line 37.
(pdftex.def)             Requested size: 172.5pt x 43.12468pt.

Overfull \hbox (3.69508pt too wide) in paragraph at lines 45--46
[]\OT1/cmr/m/n/10 La simetr^^S^^Pa neg-a-tiva (-0.46) sug-iere una lig-era in-cli-naci^^Son ha-cia la izquierda,
 []

<Histogramas/histogram_fertility.png, id=11, 803.0pt x 602.25pt>
File: Histogramas/histogram_fertility.png Graphic file (type png)
<use Histogramas/histogram_fertility.png>
Package pdftex.def Info: Histogramas/histogram_fertility.png  used on input line 55.
(pdftex.def)             Requested size: 172.5pt x 129.37094pt.
[2 <./Swiss/Fertility_central.png> <./Swiss/Fertility_dispersion.png>]
<Swiss/Agriculture_central.png, id=18, 433.62pt x 108.405pt>
File: Swiss/Agriculture_central.png Graphic file (type png)
<use Swiss/Agriculture_central.png>
Package pdftex.def Info: Swiss/Agriculture_central.png  used on input line 62.
(pdftex.def)             Requested size: 172.5pt x 43.12468pt.
<Swiss/Agriculture_dispersion.png, id=19, 433.62pt x 108.405pt>
File: Swiss/Agriculture_dispersion.png Graphic file (type png)
<use Swiss/Agriculture_dispersion.png>
Package pdftex.def Info: Swiss/Agriculture_dispersion.png  used on input line 68.
(pdftex.def)             Requested size: 172.5pt x 43.12468pt.
 [3 <./Histogramas/histogram_fertility.png> <./Swiss/Agriculture_central.png> <./Swiss/Agriculture_dispersion.png>]
<Histogramas/histogram_agriculture.png, id=24, 803.0pt x 602.25pt>
File: Histogramas/histogram_agriculture.png Graphic file (type png)
<use Histogramas/histogram_agriculture.png>
Package pdftex.def Info: Histogramas/histogram_agriculture.png  used on input line 86.
(pdftex.def)             Requested size: 172.5pt x 129.37094pt.
<Swiss/Examination_central.png, id=25, 433.62pt x 108.405pt>
File: Swiss/Examination_central.png Graphic file (type png)
<use Swiss/Examination_central.png>
Package pdftex.def Info: Swiss/Examination_central.png  used on input line 93.
(pdftex.def)             Requested size: 172.5pt x 43.12468pt.
<Swiss/Examination_dispersion.png, id=26, 433.62pt x 108.405pt>
File: Swiss/Examination_dispersion.png Graphic file (type png)
<use Swiss/Examination_dispersion.png>
Package pdftex.def Info: Swiss/Examination_dispersion.png  used on input line 99.
(pdftex.def)             Requested size: 172.5pt x 43.12468pt.
 [4 <./Histogramas/histogram_agriculture.png> <./Swiss/Examination_central.png> <./Swiss/Examination_dispersion.png>]
<Histogramas/histogram_examination.png, id=31, 803.0pt x 602.25pt>
File: Histogramas/histogram_examination.png Graphic file (type png)
<use Histogramas/histogram_examination.png>
Package pdftex.def Info: Histogramas/histogram_examination.png  used on input line 116.
(pdftex.def)             Requested size: 172.5pt x 129.37094pt.
<Swiss/Education_central.png, id=32, 433.62pt x 108.405pt>
File: Swiss/Education_central.png Graphic file (type png)
<use Swiss/Education_central.png>
Package pdftex.def Info: Swiss/Education_central.png  used on input line 124.
(pdftex.def)             Requested size: 172.5pt x 43.12468pt.
<Swiss/Education_dispersion.png, id=33, 433.62pt x 108.405pt>
File: Swiss/Education_dispersion.png Graphic file (type png)
<use Swiss/Education_dispersion.png>
Package pdftex.def Info: Swiss/Education_dispersion.png  used on input line 130.
(pdftex.def)             Requested size: 172.5pt x 43.12468pt.
 [5 <./Histogramas/histogram_examination.png> <./Swiss/Education_central.png> <./Swiss/Education_dispersion.png>]
<Histogramas/histogram_education.png, id=38, 803.0pt x 602.25pt>
File: Histogramas/histogram_education.png Graphic file (type png)
<use Histogramas/histogram_education.png>
Package pdftex.def Info: Histogramas/histogram_education.png  used on input line 147.
(pdftex.def)             Requested size: 172.5pt x 129.37094pt.
<Swiss/Catholic_central.png, id=39, 433.62pt x 108.405pt>
File: Swiss/Catholic_central.png Graphic file (type png)
<use Swiss/Catholic_central.png>
Package pdftex.def Info: Swiss/Catholic_central.png  used on input line 154.
(pdftex.def)             Requested size: 172.5pt x 43.12468pt.
<Swiss/Catholic_dispersion.png, id=40, 433.62pt x 108.405pt>
File: Swiss/Catholic_dispersion.png Graphic file (type png)
<use Swiss/Catholic_dispersion.png>
Package pdftex.def Info: Swiss/Catholic_dispersion.png  used on input line 160.
(pdftex.def)             Requested size: 172.5pt x 43.12468pt.
 [6 <./Histogramas/histogram_education.png> <./Swiss/Catholic_central.png> <./Swiss/Catholic_dispersion.png>]
<Histogramas/histogram_catholic.png, id=45, 803.0pt x 602.25pt>
File: Histogramas/histogram_catholic.png Graphic file (type png)
<use Histogramas/histogram_catholic.png>
Package pdftex.def Info: Histogramas/histogram_catholic.png  used on input line 177.
(pdftex.def)             Requested size: 172.5pt x 129.37094pt.
<Swiss/Infant.Mortality_central.png, id=46, 433.62pt x 108.405pt>
File: Swiss/Infant.Mortality_central.png Graphic file (type png)
<use Swiss/Infant.Mortality_central.png>
Package pdftex.def Info: Swiss/Infant.Mortality_central.png  used on input line 185.
(pdftex.def)             Requested size: 172.5pt x 43.12468pt.
<Swiss/Infant.Mortality_dispersion.png, id=47, 433.62pt x 108.405pt>
File: Swiss/Infant.Mortality_dispersion.png Graphic file (type png)
<use Swiss/Infant.Mortality_dispersion.png>
Package pdftex.def Info: Swiss/Infant.Mortality_dispersion.png  used on input line 191.
(pdftex.def)             Requested size: 172.5pt x 43.12468pt.
 [7 <./Histogramas/histogram_catholic.png> <./Swiss/Infant.Mortality_central.png>]
Overfull \hbox (3.69508pt too wide) in paragraph at lines 198--199
[]\OT1/cmr/m/n/10 La simetr^^S^^Pa neg-a-tiva (-0.33) sug-iere una lig-era in-cli-naci^^Son ha-cia la izquierda. 
 []

<Histogramas/histogram_infant_mortality.png, id=53, 803.0pt x 602.25pt>
File: Histogramas/histogram_infant_mortality.png Graphic file (type png)
<use Histogramas/histogram_infant_mortality.png>
Package pdftex.def Info: Histogramas/histogram_infant_mortality.png  used on input line 208.
(pdftex.def)             Requested size: 172.5pt x 129.37094pt.
[8 <./Swiss/Infant.Mortality_dispersion.png> <./Histogramas/histogram_infant_mortality.png>]
<Correlacion.png, id=58, 566.71725pt x 317.38576pt>
File: Correlacion.png Graphic file (type png)
<use Correlacion.png>
Package pdftex.def Info: Correlacion.png  used on input line 241.
(pdftex.def)             Requested size: 276.00105pt x 154.576pt.
 [9 <./Correlacion.png (PNG copy)>] [10] (Swiss_description.aux)
 ***********
LaTeX2e <2023-11-01> patch level 1
L3 programming layer <2024-01-04>
 ***********
 ) 
Here is how much of TeX's memory you used:
 4785 strings out of 474485
 86626 string characters out of 5738979
 1933542 words of memory out of 5000000
 27035 multiletter control sequences out of 15000+600000
 563817 words of font info for 57 fonts, out of 8000000 for 9000
 1141 hyphenation exceptions out of 8191
 58i,9n,65p,480b,370s stack positions out of 10000i,1000n,20000p,200000b,200000s
 <C:\Users\Melani Forsythe\AppData\Local\MiKTeX\fonts/pk/ljfour/jknappen/ec/dpi600\tcrm1000.pk><C:/Users/Melani Forsythe/AppData/Local/Programs/MiKTeX/fonts/type1/public/amsfonts/cm/cmbx10.pfb><C:/Users/Melani Forsythe/AppData/Local/Programs/MiKTeX/fonts/type1/public/amsfonts/cm/cmbx12.pfb><C:/Users/Melani Forsythe/AppData/Local/Programs/MiKTeX/fonts/type1/public/amsfonts/cm/cmr10.pfb><C:/Users/Melani Forsythe/AppData/Local/Programs/MiKTeX/fonts/type1/public/amsfonts/cm/cmr12.pfb><C:/Users/Melani Forsythe/AppData/Local/Programs/MiKTeX/fonts/type1/public/amsfonts/cm/cmr17.pfb><C:/Users/Melani Forsythe/AppData/Local/Programs/MiKTeX/fonts/type1/public/amsfonts/cm/cmtt10.pfb><C:/Users/Melani Forsythe/AppData/Local/Programs/MiKTeX/fonts/type1/public/amsfonts/cm/cmtt12.pfb>
Output written on Swiss_description.pdf (10 pages, 430479 bytes).
PDF statistics:
 100 PDF objects out of 1000 (max. 8388607)
 0 named destinations out of 1000 (max. 500000)
 96 words of extra memory for PDF output out of 10000 (max. 10000000)

